<?xml version="1.0" encoding="UTF-8"?>
<robot generator="Robot 7.3.2 (Python 3.10.7 on win32)" generated="2025-09-23T13:53:35.841560" rpa="false" schemaversion="5">
<suite id="s1" name="Crm" source="C:\Users\aibar\Downloads\REPOSITORY\test automation(robot) framework\development\robot-scripts\crm\tests\crm.robot">
<test id="s1-t1" name="Should be able to add new customer" line="12">
<kw name="Set Selenium Speed" owner="SeleniumLibrary">
<arg>.2s</arg>
<doc>Sets the delay that is waited after each Selenium command.</doc>
<status status="PASS" start="2025-09-23T13:53:36.466549" elapsed="0.000000"/>
</kw>
<kw name="Set Selenium Timeout" owner="SeleniumLibrary">
<arg>10s</arg>
<doc>Sets the timeout that is used by various keywords.</doc>
<status status="PASS" start="2025-09-23T13:53:36.467556" elapsed="0.000000"/>
</kw>
<kw name="Log" owner="BuiltIn">
<msg time="2025-09-23T13:53:36.468548" level="INFO">Starting the test case!</msg>
<arg>Starting the test case!</arg>
<doc>Logs the given message with the given level.</doc>
<status status="PASS" start="2025-09-23T13:53:36.467556" elapsed="0.000992"/>
</kw>
<kw name="Open Browser" owner="SeleniumLibrary">
<msg time="2025-09-23T13:53:36.510549" level="INFO">Opening browser 'chrome' to base url 'https://automationplayground.com/crm/'.</msg>
<arg>https://automationplayground.com/crm/</arg>
<arg>chrome</arg>
<doc>Opens a new browser instance to the optional ``url``.</doc>
<status status="PASS" start="2025-09-23T13:53:36.509549" elapsed="29.491024"/>
</kw>
<kw name="Set Window Position" owner="SeleniumLibrary">
<arg>x=341</arg>
<arg>y=169</arg>
<doc>Sets window position using ``x`` and ``y`` coordinates.</doc>
<status status="PASS" start="2025-09-23T13:54:06.001574" elapsed="0.245281"/>
</kw>
<kw name="Set Window Size" owner="SeleniumLibrary">
<arg>width=1935</arg>
<arg>height=1090</arg>
<doc>Sets current windows size to given ``width`` and ``height``.</doc>
<status status="PASS" start="2025-09-23T13:54:06.247815" elapsed="0.250231"/>
</kw>
<kw name="Page Should Contain" owner="SeleniumLibrary">
<msg time="2025-09-23T13:54:06.940582" level="INFO">Current page contains text 'Customers Are Priority One'.</msg>
<arg>Customers Are Priority One</arg>
<doc>Verifies that current page contains ``text``.</doc>
<status status="PASS" start="2025-09-23T13:54:06.498976" elapsed="0.441606"/>
</kw>
<kw name="Click Link" owner="SeleniumLibrary">
<msg time="2025-09-23T13:54:06.942346" level="INFO">Clicking link 'id=SignIn'.</msg>
<arg>id=SignIn</arg>
<doc>Clicks a link identified by ``locator``.</doc>
<status status="PASS" start="2025-09-23T13:54:06.941357" elapsed="1.032120"/>
</kw>
<kw name="Page Should Contain" owner="SeleniumLibrary">
<msg time="2025-09-23T13:54:08.429243" level="INFO">Current page contains text 'Login'.</msg>
<arg>Login</arg>
<doc>Verifies that current page contains ``text``.</doc>
<status status="PASS" start="2025-09-23T13:54:07.974257" elapsed="0.454986"/>
</kw>
<kw name="Input Text" owner="SeleniumLibrary">
<msg time="2025-09-23T13:54:08.430243" level="INFO">Typing text 'admin@robotframeworktutorial.com' into text field 'id=email-id'.</msg>
<arg>id=email-id</arg>
<arg>admin@robotframeworktutorial.com</arg>
<doc>Types the given ``text`` into the text field identified by ``locator``.</doc>
<status status="PASS" start="2025-09-23T13:54:08.430243" elapsed="0.853880"/>
</kw>
<kw name="Input Text" owner="SeleniumLibrary">
<msg time="2025-09-23T13:54:09.284879" level="INFO">Typing text 'qwe' into text field 'id=password'.</msg>
<arg>id=password</arg>
<arg>qwe</arg>
<doc>Types the given ``text`` into the text field identified by ``locator``.</doc>
<status status="PASS" start="2025-09-23T13:54:09.284879" elapsed="0.757326"/>
</kw>
<kw name="Click Button" owner="SeleniumLibrary">
<msg time="2025-09-23T13:54:10.043927" level="INFO">Clicking button 'id=submit-id'.</msg>
<arg>id=submit-id</arg>
<doc>Clicks the button identified by ``locator``.</doc>
<status status="PASS" start="2025-09-23T13:54:10.042941" elapsed="1.398352"/>
</kw>
<kw name="Page Should Contain" owner="SeleniumLibrary">
<msg time="2025-09-23T13:54:12.283786" level="INFO">Current page contains text 'Our Happy Customers'.</msg>
<arg>Our Happy Customers</arg>
<doc>Verifies that current page contains ``text``.</doc>
<status status="PASS" start="2025-09-23T13:54:11.442258" elapsed="0.841528"/>
</kw>
<kw name="Click Link" owner="SeleniumLibrary">
<msg time="2025-09-23T13:54:12.284553" level="INFO">Clicking link 'id=new-customer'.</msg>
<arg>id=new-customer</arg>
<doc>Clicks a link identified by ``locator``.</doc>
<status status="PASS" start="2025-09-23T13:54:12.284553" elapsed="2.121847"/>
</kw>
<kw name="Page Should Contain" owner="SeleniumLibrary">
<msg time="2025-09-23T13:54:14.844583" level="INFO">Current page contains text 'Add Customer'.</msg>
<arg>Add Customer</arg>
<doc>Verifies that current page contains ``text``.</doc>
<status status="PASS" start="2025-09-23T13:54:14.406400" elapsed="0.438183"/>
</kw>
<kw name="Input Text" owner="SeleniumLibrary">
<msg time="2025-09-23T13:54:14.846268" level="INFO">Typing text 'janedoe@gmail.com' into text field 'id=EmailAddress'.</msg>
<arg>id=EmailAddress</arg>
<arg>janedoe@gmail.com</arg>
<doc>Types the given ``text`` into the text field identified by ``locator``.</doc>
<status status="PASS" start="2025-09-23T13:54:14.845271" elapsed="0.858769"/>
</kw>
<kw name="Input Text" owner="SeleniumLibrary">
<msg time="2025-09-23T13:54:15.705003" level="INFO">Typing text 'Jane' into text field 'id=FirstName'.</msg>
<arg>id=FirstName</arg>
<arg>Jane</arg>
<doc>Types the given ``text`` into the text field identified by ``locator``.</doc>
<status status="PASS" start="2025-09-23T13:54:15.705003" elapsed="0.778242"/>
</kw>
<kw name="Input Text" owner="SeleniumLibrary">
<msg time="2025-09-23T13:54:16.484229" level="INFO">Typing text 'Doe' into text field 'id=LastName'.</msg>
<arg>id=LastName</arg>
<arg>Doe</arg>
<doc>Types the given ``text`` into the text field identified by ``locator``.</doc>
<status status="PASS" start="2025-09-23T13:54:16.484229" elapsed="0.766346"/>
</kw>
<kw name="Input Text" owner="SeleniumLibrary">
<msg time="2025-09-23T13:54:17.251576" level="INFO">Typing text 'Dallas' into text field 'id=City'.</msg>
<arg>id=City</arg>
<arg>Dallas</arg>
<doc>Types the given ``text`` into the text field identified by ``locator``.</doc>
<status status="PASS" start="2025-09-23T13:54:17.251576" elapsed="0.770737"/>
</kw>
<kw name="Select From List By Value" owner="SeleniumLibrary">
<msg time="2025-09-23T13:54:18.024066" level="INFO">Selecting options from selection list 'id=StateOrRegion' by value TX.</msg>
<arg>id=StateOrRegion</arg>
<arg>TX</arg>
<doc>Selects options from selection list ``locator`` by ``values``.</doc>
<status status="PASS" start="2025-09-23T13:54:18.023078" elapsed="1.789401"/>
</kw>
<kw name="Select Radio Button" owner="SeleniumLibrary">
<msg time="2025-09-23T13:54:19.813441" level="INFO">Selecting 'female' from radio button 'gender'.</msg>
<arg>gender</arg>
<arg>female</arg>
<doc>Sets the radio button group ``group_name`` to ``value``.</doc>
<status status="PASS" start="2025-09-23T13:54:19.813441" elapsed="0.757167"/>
</kw>
<kw name="Select Checkbox" owner="SeleniumLibrary">
<msg time="2025-09-23T13:54:20.572617" level="INFO">Selecting checkbox 'name=promos-name'.</msg>
<arg>name=promos-name</arg>
<doc>Selects the checkbox identified by ``locator``.</doc>
<status status="PASS" start="2025-09-23T13:54:20.571608" elapsed="1.356560"/>
</kw>
<kw name="Click Button" owner="SeleniumLibrary">
<msg time="2025-09-23T13:54:21.929179" level="INFO">Clicking button 'Submit'.</msg>
<arg>Submit</arg>
<doc>Clicks the button identified by ``locator``.</doc>
<status status="PASS" start="2025-09-23T13:54:21.929179" elapsed="1.143742"/>
</kw>
<kw name="Wait Until Page Contains" owner="SeleniumLibrary">
<arg>Success! New customer added.</arg>
<doc>Waits until ``text`` appears on the current page.</doc>
<status status="PASS" start="2025-09-23T13:54:23.073986" elapsed="0.217049"/>
</kw>
<kw name="Click Link" owner="SeleniumLibrary">
<msg time="2025-09-23T13:54:23.292038" level="INFO">Clicking link 'Sign Out'.</msg>
<arg>Sign Out</arg>
<doc>Clicks a link identified by ``locator``.</doc>
<status status="PASS" start="2025-09-23T13:54:23.292038" elapsed="0.896954"/>
</kw>
<kw name="Wait Until Page Contains" owner="SeleniumLibrary">
<arg>Signed Out</arg>
<doc>Waits until ``text`` appears on the current page.</doc>
<status status="PASS" start="2025-09-23T13:54:24.189973" elapsed="0.232284"/>
</kw>
<kw name="Close Browser" owner="SeleniumLibrary">
<doc>Closes the current browser.</doc>
<status status="PASS" start="2025-09-23T13:54:24.423266" elapsed="2.519390"/>
</kw>
<doc>This is some basic info about the test</doc>
<tag>1006</tag>
<tag>Contacts</tag>
<tag>Smoke</tag>
<status status="PASS" start="2025-09-23T13:53:36.464549" elapsed="50.479109"/>
</test>
<doc>This is some basic info about the whole suite</doc>
<status status="PASS" start="2025-09-23T13:53:35.846562" elapsed="51.099095"/>
</suite>
<statistics>
<total>
<stat pass="1" fail="0" skip="0">All Tests</stat>
</total>
<tag>
<stat pass="1" fail="0" skip="0">1006</stat>
<stat pass="1" fail="0" skip="0">Contacts</stat>
<stat pass="1" fail="0" skip="0">Smoke</stat>
</tag>
<suite>
<stat name="Crm" id="s1" pass="1" fail="0" skip="0">Crm</stat>
</suite>
</statistics>
<errors>
</errors>
</robot>
